<?xml version="1.0" encoding="UTF-8" ?>
<testsuite errors="0" failures="0" hostname="Evandros-MacBook-Pro.local" name="br.org.cesar.unittests.api.MyApiConsumerTest" skipped="0" tests="5" time="0.077" timestamp="2014-05-31T21:30:26">
  <properties>
    <property name="java.vendor" value="Oracle Corporation" />
    <property name="lib.dir" value="/Users/eslf/workspace/UnitTestTraining/lib" />
    <property name="sun.java.launcher" value="SUN_STANDARD" />
    <property name="sun.management.compiler" value="HotSpot 64-Bit Tiered Compilers" />
    <property name="os.name" value="Mac OS X" />
    <property name="sun.boot.class.path" value="/Library/Java/JavaVirtualMachines/jdk1.8.0_05.jdk/Contents/Home/jre/lib/resources.jar:/Library/Java/JavaVirtualMachines/jdk1.8.0_05.jdk/Contents/Home/jre/lib/rt.jar:/Library/Java/JavaVirtualMachines/jdk1.8.0_05.jdk/Contents/Home/jre/lib/sunrsasign.jar:/Library/Java/JavaVirtualMachines/jdk1.8.0_05.jdk/Contents/Home/jre/lib/jsse.jar:/Library/Java/JavaVirtualMachines/jdk1.8.0_05.jdk/Contents/Home/jre/lib/jce.jar:/Library/Java/JavaVirtualMachines/jdk1.8.0_05.jdk/Contents/Home/jre/lib/charsets.jar:/Library/Java/JavaVirtualMachines/jdk1.8.0_05.jdk/Contents/Home/jre/lib/jfr.jar:/Library/Java/JavaVirtualMachines/jdk1.8.0_05.jdk/Contents/Home/jre/classes" />
    <property name="java.vm.specification.vendor" value="Oracle Corporation" />
    <property name="ant.home" value="/opt/local/share/java/apache-ant" />
    <property name="java.runtime.version" value="1.8.0_05-b13" />
    <property name="user.name" value="eslf" />
    <property name="build.dir" value="/Users/eslf/workspace/UnitTestTraining/bin" />
    <property name="ant.file.UnitTestTraining" value="/Users/eslf/workspace/UnitTestTraining/build.xml" />
    <property name="user.language" value="en" />
    <property name="test.report.dir" value="/Users/eslf/workspace/UnitTestTraining/testreport" />
    <property name="sun.boot.library.path" value="/Library/Java/JavaVirtualMachines/jdk1.8.0_05.jdk/Contents/Home/jre/lib" />
    <property name="ant.project.default-target" value="main" />
    <property name="ant.project.name" value="UnitTestTraining" />
    <property name="java.version" value="1.8.0_05" />
    <property name="user.timezone" value="America/Recife" />
    <property name="sun.arch.data.model" value="64" />
    <property name="http.nonProxyHosts" value="local|*.local|169.254/16|*.169.254/16" />
    <property name="java.endorsed.dirs" value="/Library/Java/JavaVirtualMachines/jdk1.8.0_05.jdk/Contents/Home/jre/lib/endorsed" />
    <property name="sun.cpu.isalist" value="" />
    <property name="sun.jnu.encoding" value="UTF-8" />
    <property name="file.encoding.pkg" value="sun.io" />
    <property name="file.separator" value="/" />
    <property name="java.specification.name" value="Java Platform API Specification" />
    <property name="java.class.version" value="52.0" />
    <property name="user.country" value="US" />
    <property name="java.home" value="/Library/Java/JavaVirtualMachines/jdk1.8.0_05.jdk/Contents/Home/jre" />
    <property name="dist.dir" value="/Users/eslf/workspace/UnitTestTraining/dist" />
    <property name="java.vm.info" value="mixed mode" />
    <property name="ant.file" value="/Users/eslf/workspace/UnitTestTraining/build.xml" />
    <property name="os.version" value="10.9.3" />
    <property name="path.separator" value=":" />
    <property name="java.vm.version" value="25.5-b02" />
    <property name="ant.file.type.UnitTestTraining" value="file" />
    <property name="ant.library.dir" value="/opt/local/share/java/apache-ant/lib" />
    <property name="java.awt.printerjob" value="sun.lwawt.macosx.CPrinterJob" />
    <property name="sun.io.unicode.encoding" value="UnicodeBig" />
    <property name="awt.toolkit" value="sun.lwawt.macosx.LWCToolkit" />
    <property name="socksNonProxyHosts" value="local|*.local|169.254/16|*.169.254/16" />
    <property name="ftp.nonProxyHosts" value="local|*.local|169.254/16|*.169.254/16" />
    <property name="user.home" value="/Users/eslf" />
    <property name="java.specification.vendor" value="Oracle Corporation" />
    <property name="test.dir" value="/Users/eslf/workspace/UnitTestTraining/test" />
    <property name="java.library.path" value="/Users/eslf/Library/Java/Extensions:/Library/Java/Extensions:/Network/Library/Java/Extensions:/System/Library/Java/Extensions:/usr/lib/java:." />
    <property name="java.vendor.url" value="http://java.oracle.com/" />
    <property name="java.vm.vendor" value="Oracle Corporation" />
    <property name="gopherProxySet" value="false" />
    <property name="java.runtime.name" value="Java(TM) SE Runtime Environment" />
    <property name="sun.java.command" value="org.apache.tools.ant.taskdefs.optional.junit.JUnitTestRunner br.org.cesar.unittests.api.MyApiConsumerTest filtertrace=true haltOnError=false haltOnFailure=true formatter=org.apache.tools.ant.taskdefs.optional.junit.SummaryJUnitResultFormatter showoutput=false outputtoformatters=true logfailedtests=true logtestlistenerevents=false formatter=org.apache.tools.ant.taskdefs.optional.junit.PlainJUnitResultFormatter formatter=org.apache.tools.ant.taskdefs.optional.junit.XMLJUnitResultFormatter,/Users/eslf/workspace/UnitTestTraining/testreport/TEST-br.org.cesar.unittests.api.MyApiConsumerTest.xml crashfile=/Users/eslf/workspace/UnitTestTraining/junitvmwatcher8743783015430400652.properties propsfile=/Users/eslf/workspace/UnitTestTraining/junit717333129697889282.properties" />
    <property name="java.class.path" value="/Users/eslf/workspace/UnitTestTraining/bin:/Users/eslf/workspace/UnitTestTraining/lib/junit-4.11.jar:/Users/eslf/workspace/UnitTestTraining/lib/hamcrest-core-1.3.jar:/opt/local/share/java/apache-ant/lib/ant-launcher.jar:/opt/local/share/java/apache-ant/lib/ant.jar:/opt/local/share/java/apache-ant/lib/ant-junit.jar:/opt/local/share/java/apache-ant/lib/ant-junit4.jar" />
    <property name="ant.version" value="Apache Ant(TM) version 1.9.2 compiled on July 8 2013" />
    <property name="java.vm.specification.name" value="Java Virtual Machine Specification" />
    <property name="ant.file.type" value="file" />
    <property name="java.vm.specification.version" value="1.8" />
    <property name="sun.cpu.endian" value="little" />
    <property name="sun.os.patch.level" value="unknown" />
    <property name="java.io.tmpdir" value="/var/folders/cn/f7xwlccs4tq50v51t05ldtsm0000gn/T/" />
    <property name="java.vendor.url.bug" value="http://bugreport.sun.com/bugreport/" />
    <property name="os.arch" value="x86_64" />
    <property name="java.awt.graphicsenv" value="sun.awt.CGraphicsEnvironment" />
    <property name="java.ext.dirs" value="/Users/eslf/Library/Java/Extensions:/Library/Java/JavaVirtualMachines/jdk1.8.0_05.jdk/Contents/Home/jre/lib/ext:/Library/Java/Extensions:/Network/Library/Java/Extensions:/System/Library/Java/Extensions:/usr/lib/java" />
    <property name="user.dir" value="/Users/eslf/workspace/UnitTestTraining" />
    <property name="line.separator" value="&#xa;" />
    <property name="java.vm.name" value="Java HotSpot(TM) 64-Bit Server VM" />
    <property name="basedir" value="/Users/eslf/workspace/UnitTestTraining" />
    <property name="ant.java.version" value="1.8" />
    <property name="ant.core.lib" value="/opt/local/share/java/apache-ant/lib/ant.jar" />
    <property name="file.encoding" value="UTF-8" />
    <property name="java.specification.version" value="1.8" />
    <property name="src.dir" value="/Users/eslf/workspace/UnitTestTraining/src" />
    <property name="ant.project.invoked-targets" value="main" />
  </properties>
  <testcase classname="br.org.cesar.unittests.api.MyApiConsumerTest" name="testSumAtoBWhenServerisDown" time="0.008" />
  <testcase classname="br.org.cesar.unittests.api.MyApiConsumerTest" name="testSubtractAfromBWhenServerisDown" time="0.0" />
  <testcase classname="br.org.cesar.unittests.api.MyApiConsumerTest" name="testMyApiConsumer" time="0.0" />
  <testcase classname="br.org.cesar.unittests.api.MyApiConsumerTest" name="testSubtractAfromB" time="0.001" />
  <testcase classname="br.org.cesar.unittests.api.MyApiConsumerTest" name="testSumAtoB" time="0.0" />
  <system-out><![CDATA[]]></system-out>
  <system-err><![CDATA[]]></system-err>
</testsuite>
